This is pdfTeX, Version 3.1415926-2.4-1.40.13 (MiKTeX 2.9) (preloaded format=pdflatex 2013.7.20)  24 OCT 2014 16:31
entering extended mode
**AIStats15_10_23_14_6.tex
("C:\Study\My projects\Quantiles\MS\AIStats15_10_23_14_6.tex"
LaTeX2e <2011/06/27>
Babel <v3.8m> and hyphenation patterns for english, afrikaans, ancientgreek, ar
abic, armenian, assamese, basque, bengali, bokmal, bulgarian, catalan, coptic, 
croatian, czech, danish, dutch, esperanto, estonian, farsi, finnish, french, ga
lician, german, german-x-2012-05-30, greek, gujarati, hindi, hungarian, iceland
ic, indonesian, interlingua, irish, italian, kannada, kurmanji, latin, latvian,
 lithuanian, malayalam, marathi, mongolian, mongolianlmc, monogreek, ngerman, n
german-x-2012-05-30, nynorsk, oriya, panjabi, pinyin, polish, portuguese, roman
ian, russian, sanskrit, serbian, slovak, slovenian, spanish, swedish, swissgerm
an, tamil, telugu, turkish, turkmen, ukenglish, ukrainian, uppersorbian, usengl
ishmax, welsh, loaded.
("C:\Study\LaTeX\MikTeX 2.9\tex\latex\base\article.cls"
Document Class: article 2007/10/19 v1.4h Standard LaTeX document class
("C:\Study\LaTeX\MikTeX 2.9\tex\latex\base\size10.clo"
File: size10.clo 2007/10/19 v1.4h Standard LaTeX file (size option)
)
\c@part=\count79
\c@section=\count80
\c@subsection=\count81
\c@subsubsection=\count82
\c@paragraph=\count83
\c@subparagraph=\count84
\c@figure=\count85
\c@table=\count86
\abovecaptionskip=\skip41
\belowcaptionskip=\skip42
\bibindent=\dimen102
)
("C:\Study\My projects\Quantiles\MS\aistats2015.sty"
Package: aistats2015 
\titlebox=\skip43

("C:\Study\LaTeX\MikTeX 2.9\tex\latex\fancyhdr\fancyhdr.sty"
\fancy@headwidth=\skip44
\f@ncyO@elh=\skip45
\f@ncyO@erh=\skip46
\f@ncyO@olh=\skip47
\f@ncyO@orh=\skip48
\f@ncyO@elf=\skip49
\f@ncyO@erf=\skip50
\f@ncyO@olf=\skip51
\f@ncyO@orf=\skip52
)
\titrun=\box26
\autrun=\box27
)
("C:\Study\LaTeX\MikTeX 2.9\tex\latex\amsfonts\amsfonts.sty"
Package: amsfonts 2013/01/14 v3.01 Basic AMSFonts support
\@emptytoks=\toks14
\symAMSa=\mathgroup4
\symAMSb=\mathgroup5
LaTeX Font Info:    Overwriting math alphabet `\mathfrak' in version `bold'
(Font)                  U/euf/m/n --> U/euf/b/n on input line 106.
)
("C:\Study\LaTeX\MikTeX 2.9\tex\latex\amsfonts\amssymb.sty"
Package: amssymb 2013/01/14 v3.01 AMS font symbols
)
("C:\Study\LaTeX\MikTeX 2.9\tex\latex\graphics\graphics.sty"
Package: graphics 2009/02/05 v1.0o Standard LaTeX Graphics (DPC,SPQR)

("C:\Study\LaTeX\MikTeX 2.9\tex\latex\graphics\trig.sty"
Package: trig 1999/03/16 v1.09 sin cos tan (DPC)
)
("C:\Study\LaTeX\MikTeX 2.9\tex\latex\00miktex\graphics.cfg"
File: graphics.cfg 2007/01/18 v1.5 graphics configuration of teTeX/TeXLive
)
Package graphics Info: Driver file: pdftex.def on input line 91.

("C:\Study\LaTeX\MikTeX 2.9\tex\latex\pdftex-def\pdftex.def"
File: pdftex.def 2011/05/27 v0.06d Graphics/color for pdfTeX

("C:\Study\LaTeX\MikTeX 2.9\tex\generic\oberdiek\infwarerr.sty"
Package: infwarerr 2010/04/08 v1.3 Providing info/warning/error messages (HO)
)
("C:\Study\LaTeX\MikTeX 2.9\tex\generic\oberdiek\ltxcmds.sty"
Package: ltxcmds 2011/11/09 v1.22 LaTeX kernel commands for general use (HO)
)
\Gread@gobject=\count87
))
("C:\Study\LaTeX\MikTeX 2.9\tex\latex\graphics\graphicx.sty"
Package: graphicx 1999/02/16 v1.0f Enhanced LaTeX Graphics (DPC,SPQR)

("C:\Study\LaTeX\MikTeX 2.9\tex\latex\graphics\keyval.sty"
Package: keyval 1999/03/16 v1.13 key=value parser (DPC)
\KV@toks@=\toks15
)
\Gin@req@height=\dimen103
\Gin@req@width=\dimen104
)
("C:\Study\LaTeX\MikTeX 2.9\tex\latex\preprint\fullpage.sty"
Package: fullpage 1999/02/23 1.1 (PWD)
\FP@margin=\skip53
)
("C:\Study\LaTeX\MikTeX 2.9\tex\latex\graphics\color.sty"
Package: color 2005/11/14 v1.0j Standard LaTeX Color (DPC)

("C:\Study\LaTeX\MikTeX 2.9\tex\latex\00miktex\color.cfg"
File: color.cfg 2007/01/18 v1.5 color configuration of teTeX/TeXLive
)
Package color Info: Driver file: pdftex.def on input line 130.
)
\c@Theorem=\count88

("C:\Study\My projects\Quantiles\MS\AIStats15_10_23_14_6.aux")
LaTeX Font Info:    Checking defaults for OML/cmm/m/it on input line 25.
LaTeX Font Info:    ... okay on input line 25.
LaTeX Font Info:    Checking defaults for T1/cmr/m/n on input line 25.
LaTeX Font Info:    ... okay on input line 25.
LaTeX Font Info:    Checking defaults for OT1/cmr/m/n on input line 25.
LaTeX Font Info:    ... okay on input line 25.
LaTeX Font Info:    Checking defaults for OMS/cmsy/m/n on input line 25.
LaTeX Font Info:    ... okay on input line 25.
LaTeX Font Info:    Checking defaults for OMX/cmex/m/n on input line 25.
LaTeX Font Info:    ... okay on input line 25.
LaTeX Font Info:    Checking defaults for U/cmr/m/n on input line 25.
LaTeX Font Info:    ... okay on input line 25.

(C:\Users\Subho\AppData\Roaming\MiKTeX\2.9\tex\context\base\supp-pdf.mkii
[Loading MPS to PDF converter (version 2006.09.02).]
\scratchcounter=\count89
\scratchdimen=\dimen105
\scratchbox=\box28
\nofMPsegments=\count90
\nofMParguments=\count91
\everyMPshowfont=\toks16
\MPscratchCnt=\count92
\MPscratchDim=\dimen106
\MPnumerator=\count93
\makeMPintoPDFobject=\count94
\everyMPtoPDFconversion=\toks17
)
LaTeX Font Info:    Try loading font information for U+msa on input line 48.
 ("C:\Study\LaTeX\MikTeX 2.9\tex\latex\amsfonts\umsa.fd"
File: umsa.fd 2013/01/14 v3.01 AMS symbols A
)
LaTeX Font Info:    Try loading font information for U+msb on input line 48.

("C:\Study\LaTeX\MikTeX 2.9\tex\latex\amsfonts\umsb.fd"
File: umsb.fd 2013/01/14 v3.01 AMS symbols B
)
Overfull \hbox (14.15623pt too wide) in paragraph at lines 61--61
 [] 
 []


LaTeX Warning: Reference `fig:1' on page 1 undefined on input line 142.


Underfull \vbox (badness 10000) has occurred while \output is active []

 [1{C:/Users/Subho/AppData/Local/MiKTeX/2.9/pdftex/config/pdftex.map}



]

LaTeX Warning: Reference `fig:1' on page 2 undefined on input line 205.


LaTeX Warning: Reference `fig:1' on page 2 undefined on input line 208.


LaTeX Warning: Reference `fig:1' on page 2 undefined on input line 214.


Underfull \vbox (badness 10000) has occurred while \output is active []



LaTeX Warning: Citation `MukhopadhyayC11' on page 2 undefined on input line 305
.

[2]

LaTeX Warning: Reference `fig:2' on page 3 undefined on input line 351.


LaTeX Warning: Citation `Fergu67' on page 3 undefined on input line 352.


LaTeX Warning: Citation `Chaudhuri96' on page 3 undefined on input line 352.


LaTeX Warning: Reference `fig:2' on page 3 undefined on input line 372.


LaTeX Warning: Citation `Chaudhuri96' on page 3 undefined on input line 373.


LaTeX Warning: Reference `fig:2' on page 3 undefined on input line 378.


LaTeX Warning: Citation `Chaudhuri96' on page 3 undefined on input line 379.


LaTeX Warning: Reference `fig:1' on page 3 undefined on input line 387.


Underfull \vbox (badness 3579) has occurred while \output is active []

 [3]
Overfull \hbox (19.4532pt too wide) in alignment at lines 442--451
 [][][] []
 []

[4]
Underfull \vbox (badness 10000) has occurred while \output is active []



LaTeX Warning: Reference `fig:SimulatedExample' on page 5 undefined on input li
ne 671.


Underfull \vbox (badness 2005) has occurred while \output is active []

 [5]
Underfull \hbox (badness 10000) in paragraph at lines 704--717
\OT1/cmtt/m/n/10 qda (MASS), randomForest, svm (e1071),
 []


Underfull \hbox (badness 1975) in paragraph at lines 704--717
\OT1/cmtt/m/n/10 nnet, knn (class) \OT1/cmr/m/n/10 for the ex-ist-ing su-per-vi
sed
 []


LaTeX Warning: Reference `fig:KnnAccuracy' on page 6 undefined on input line 78
3.

[6] ("C:\Study\My projects\Quantiles\MS\AIStats15_10_23_14_6.bbl") [7

] [8]
("C:\Study\My projects\Quantiles\MS\AIStats15_10_23_14_6.aux")

LaTeX Warning: There were undefined references.

 ) 
Here is how much of TeX's memory you used:
 1679 strings out of 493921
 21374 string characters out of 3148084
 84624 words of memory out of 3000000
 4978 multiletter control sequences out of 15000+200000
 8597 words of font info for 33 fonts, out of 3000000 for 9000
 841 hyphenation exceptions out of 8191
 28i,10n,45p,232b,249s stack positions out of 5000i,500n,10000p,200000b,50000s
<C:/Study/LaTeX/MikTeX 2.9/fonts/type1/public/amsfonts/cm/cmbx10.pfb><C:/Stud
y/LaTeX/MikTeX 2.9/fonts/type1/public/amsfonts/cm/cmbx12.pfb><C:/Study/LaTeX/Mi
kTeX 2.9/fonts/type1/public/amsfonts/cm/cmbx5.pfb><C:/Study/LaTeX/MikTeX 2.9/fo
nts/type1/public/amsfonts/cm/cmbx7.pfb><C:/Study/LaTeX/MikTeX 2.9/fonts/type1/p
ublic/amsfonts/cm/cmex10.pfb><C:/Study/LaTeX/MikTeX 2.9/fonts/type1/public/amsf
onts/cm/cmmi10.pfb><C:/Study/LaTeX/MikTeX 2.9/fonts/type1/public/amsfonts/cm/cm
mi5.pfb><C:/Study/LaTeX/MikTeX 2.9/fonts/type1/public/amsfonts/cm/cmmi7.pfb><C:
/Study/LaTeX/MikTeX 2.9/fonts/type1/public/amsfonts/cm/cmr10.pfb><C:/Study/LaTe
X/MikTeX 2.9/fonts/type1/public/amsfonts/cm/cmr5.pfb><C:/Study/LaTeX/MikTeX 2.9
/fonts/type1/public/amsfonts/cm/cmr7.pfb><C:/Study/LaTeX/MikTeX 2.9/fonts/type1
/public/amsfonts/cm/cmr9.pfb><C:/Study/LaTeX/MikTeX 2.9/fonts/type1/public/amsf
onts/cm/cmsy10.pfb><C:/Study/LaTeX/MikTeX 2.9/fonts/type1/public/amsfonts/cm/cm
sy5.pfb><C:/Study/LaTeX/MikTeX 2.9/fonts/type1/public/amsfonts/cm/cmsy7.pfb><C:
/Study/LaTeX/MikTeX 2.9/fonts/type1/public/amsfonts/cm/cmti10.pfb><C:/Study/LaT
eX/MikTeX 2.9/fonts/type1/public/amsfonts/cm/cmtt10.pfb><C:/Study/LaTeX/MikTeX 
2.9/fonts/type1/public/amsfonts/symbols/msbm10.pfb>
Output written on AIStats15_10_23_14_6.pdf (8 pages, 254299 bytes).
PDF statistics:
 101 PDF objects out of 1000 (max. 8388607)
 0 named destinations out of 1000 (max. 500000)
 1 words of extra memory for PDF output out of 10000 (max. 10000000)

