This is pdfTeX, Version 3.1415926-2.4-1.40.13 (MiKTeX 2.9) (preloaded format=pdflatex 2013.7.20)  17 DEC 2014 11:58
entering extended mode
**WPQoutliers.tex
("C:\Study\My projects\Quantiles\MS\WPQoutliers.tex"
LaTeX2e <2011/06/27>
Babel <v3.8m> and hyphenation patterns for english, afrikaans, ancientgreek, ar
abic, armenian, assamese, basque, bengali, bokmal, bulgarian, catalan, coptic, 
croatian, czech, danish, dutch, esperanto, estonian, farsi, finnish, french, ga
lician, german, german-x-2012-05-30, greek, gujarati, hindi, hungarian, iceland
ic, indonesian, interlingua, irish, italian, kannada, kurmanji, latin, latvian,
 lithuanian, malayalam, marathi, mongolian, mongolianlmc, monogreek, ngerman, n
german-x-2012-05-30, nynorsk, oriya, panjabi, pinyin, polish, portuguese, roman
ian, russian, sanskrit, serbian, slovak, slovenian, spanish, swedish, swissgerm
an, tamil, telugu, turkish, turkmen, ukenglish, ukrainian, uppersorbian, usengl
ishmax, welsh, loaded.
("C:\Study\LaTeX\MikTeX 2.9\tex\latex\base\article.cls"
Document Class: article 2007/10/19 v1.4h Standard LaTeX document class
("C:\Study\LaTeX\MikTeX 2.9\tex\latex\base\size10.clo"
File: size10.clo 2007/10/19 v1.4h Standard LaTeX file (size option)
)
\c@part=\count79
\c@section=\count80
\c@subsection=\count81
\c@subsubsection=\count82
\c@paragraph=\count83
\c@subparagraph=\count84
\c@figure=\count85
\c@table=\count86
\abovecaptionskip=\skip41
\belowcaptionskip=\skip42
\bibindent=\dimen102
)
("C:\Study\LaTeX\MikTeX 2.9\tex\latex\amsfonts\amssymb.sty"
Package: amssymb 2013/01/14 v3.01 AMS font symbols

("C:\Study\LaTeX\MikTeX 2.9\tex\latex\amsfonts\amsfonts.sty"
Package: amsfonts 2013/01/14 v3.01 Basic AMSFonts support
\@emptytoks=\toks14
\symAMSa=\mathgroup4
\symAMSb=\mathgroup5
LaTeX Font Info:    Overwriting math alphabet `\mathfrak' in version `bold'
(Font)                  U/euf/m/n --> U/euf/b/n on input line 106.
))
("C:\Study\LaTeX\MikTeX 2.9\tex\latex\amsmath\amsmath.sty"
Package: amsmath 2013/01/14 v2.14 AMS math features
\@mathmargin=\skip43

For additional information on amsmath, use the `?' option.
("C:\Study\LaTeX\MikTeX 2.9\tex\latex\amsmath\amstext.sty"
Package: amstext 2000/06/29 v2.01

("C:\Study\LaTeX\MikTeX 2.9\tex\latex\amsmath\amsgen.sty"
File: amsgen.sty 1999/11/30 v2.0
\@emptytoks=\toks15
\ex@=\dimen103
))
("C:\Study\LaTeX\MikTeX 2.9\tex\latex\amsmath\amsbsy.sty"
Package: amsbsy 1999/11/29 v1.2d
\pmbraise@=\dimen104
)
("C:\Study\LaTeX\MikTeX 2.9\tex\latex\amsmath\amsopn.sty"
Package: amsopn 1999/12/14 v2.01 operator names
)
\inf@bad=\count87
LaTeX Info: Redefining \frac on input line 210.
\uproot@=\count88
\leftroot@=\count89
LaTeX Info: Redefining \overline on input line 306.
\classnum@=\count90
\DOTSCASE@=\count91
LaTeX Info: Redefining \ldots on input line 378.
LaTeX Info: Redefining \dots on input line 381.
LaTeX Info: Redefining \cdots on input line 466.
\Mathstrutbox@=\box26
\strutbox@=\box27
\big@size=\dimen105
LaTeX Font Info:    Redeclaring font encoding OML on input line 566.
LaTeX Font Info:    Redeclaring font encoding OMS on input line 567.
\macc@depth=\count92
\c@MaxMatrixCols=\count93
\dotsspace@=\muskip10
\c@parentequation=\count94
\dspbrk@lvl=\count95
\tag@help=\toks16
\row@=\count96
\column@=\count97
\maxfields@=\count98
\andhelp@=\toks17
\eqnshift@=\dimen106
\alignsep@=\dimen107
\tagshift@=\dimen108
\tagwidth@=\dimen109
\totwidth@=\dimen110
\lineht@=\dimen111
\@envbody=\toks18
\multlinegap=\skip44
\multlinetaggap=\skip45
\mathdisplay@stack=\toks19
LaTeX Info: Redefining \[ on input line 2665.
LaTeX Info: Redefining \] on input line 2666.
)
("C:\Study\LaTeX\MikTeX 2.9\tex\latex\graphics\graphicx.sty"
Package: graphicx 1999/02/16 v1.0f Enhanced LaTeX Graphics (DPC,SPQR)

("C:\Study\LaTeX\MikTeX 2.9\tex\latex\graphics\keyval.sty"
Package: keyval 1999/03/16 v1.13 key=value parser (DPC)
\KV@toks@=\toks20
)
("C:\Study\LaTeX\MikTeX 2.9\tex\latex\graphics\graphics.sty"
Package: graphics 2009/02/05 v1.0o Standard LaTeX Graphics (DPC,SPQR)

("C:\Study\LaTeX\MikTeX 2.9\tex\latex\graphics\trig.sty"
Package: trig 1999/03/16 v1.09 sin cos tan (DPC)
)
("C:\Study\LaTeX\MikTeX 2.9\tex\latex\00miktex\graphics.cfg"
File: graphics.cfg 2007/01/18 v1.5 graphics configuration of teTeX/TeXLive
)
Package graphics Info: Driver file: pdftex.def on input line 91.

("C:\Study\LaTeX\MikTeX 2.9\tex\latex\pdftex-def\pdftex.def"
File: pdftex.def 2011/05/27 v0.06d Graphics/color for pdfTeX

("C:\Study\LaTeX\MikTeX 2.9\tex\generic\oberdiek\infwarerr.sty"
Package: infwarerr 2010/04/08 v1.3 Providing info/warning/error messages (HO)
)
("C:\Study\LaTeX\MikTeX 2.9\tex\generic\oberdiek\ltxcmds.sty"
Package: ltxcmds 2011/11/09 v1.22 LaTeX kernel commands for general use (HO)
)
\Gread@gobject=\count99
))
\Gin@req@height=\dimen112
\Gin@req@width=\dimen113
)
("C:\Study\LaTeX\MikTeX 2.9\tex\latex\graphics\color.sty"
Package: color 2005/11/14 v1.0j Standard LaTeX Color (DPC)

("C:\Study\LaTeX\MikTeX 2.9\tex\latex\00miktex\color.cfg"
File: color.cfg 2007/01/18 v1.5 color configuration of teTeX/TeXLive
)
Package color Info: Driver file: pdftex.def on input line 130.
)
("C:\Study\LaTeX\MikTeX 2.9\tex\latex\cite\cite.sty"
LaTeX Info: Redefining \cite on input line 302.
LaTeX Info: Redefining \nocite on input line 373.
Package: cite 2010/09/10  v 5.3
)
("C:\Study\LaTeX\MikTeX 2.9\tex\latex\caption\caption.sty"
Package: caption 2013/05/02 v3.3-89 Customizing captions (AR)

("C:\Study\LaTeX\MikTeX 2.9\tex\latex\caption\caption3.sty"
Package: caption3 2013/05/02 v1.6-88 caption3 kernel (AR)
Package caption3 Info: TeX engine: e-TeX on input line 57.
\captionmargin=\dimen114
\captionmargin@=\dimen115
\captionwidth=\dimen116
\caption@tempdima=\dimen117
\caption@indent=\dimen118
\caption@parindent=\dimen119
\caption@hangindent=\dimen120
)
\c@ContinuedFloat=\count100
)
\c@observation=\count101
\c@fact=\count102

("C:\Study\My projects\Quantiles\MS\WPQoutliers.aux")
LaTeX Font Info:    Checking defaults for OML/cmm/m/it on input line 17.
LaTeX Font Info:    ... okay on input line 17.
LaTeX Font Info:    Checking defaults for T1/cmr/m/n on input line 17.
LaTeX Font Info:    ... okay on input line 17.
LaTeX Font Info:    Checking defaults for OT1/cmr/m/n on input line 17.
LaTeX Font Info:    ... okay on input line 17.
LaTeX Font Info:    Checking defaults for OMS/cmsy/m/n on input line 17.
LaTeX Font Info:    ... okay on input line 17.
LaTeX Font Info:    Checking defaults for OMX/cmex/m/n on input line 17.
LaTeX Font Info:    ... okay on input line 17.
LaTeX Font Info:    Checking defaults for U/cmr/m/n on input line 17.
LaTeX Font Info:    ... okay on input line 17.

(C:\Users\Subho\AppData\Roaming\MiKTeX\2.9\tex\context\base\supp-pdf.mkii
[Loading MPS to PDF converter (version 2006.09.02).]
\scratchcounter=\count103
\scratchdimen=\dimen121
\scratchbox=\box28
\nofMPsegments=\count104
\nofMParguments=\count105
\everyMPshowfont=\toks21
\MPscratchCnt=\count106
\MPscratchDim=\dimen122
\MPnumerator=\count107
\makeMPintoPDFobject=\count108
\everyMPtoPDFconversion=\toks22
)
Package caption Info: Begin \AtBeginDocument code.
Package caption Info: End \AtBeginDocument code.
LaTeX Font Info:    Try loading font information for U+msa on input line 18.
 ("C:\Study\LaTeX\MikTeX 2.9\tex\latex\amsfonts\umsa.fd"
File: umsa.fd 2013/01/14 v3.01 AMS symbols A
)
LaTeX Font Info:    Try loading font information for U+msb on input line 18.

("C:\Study\LaTeX\MikTeX 2.9\tex\latex\amsfonts\umsb.fd"
File: umsb.fd 2013/01/14 v3.01 AMS symbols B
) [1

{C:/Users/Subho/AppData/Local/MiKTeX/2.9/pdftex/config/pdftex.map}]
<outlier_sim11.png, id=15, 401.5pt x 401.5pt>
File: outlier_sim11.png Graphic file (type png)
 <use outlier_sim11.png>
Package pdftex.def Info: outlier_sim11.png used on input line 33.
(pdftex.def)             Requested size: 113.80992pt x 113.81102pt.

<outlier_sim21.png, id=16, 401.5pt x 401.5pt>
File: outlier_sim21.png Graphic file (type png)
 <use outlier_sim21.png>
Package pdftex.def Info: outlier_sim21.png used on input line 34.
(pdftex.def)             Requested size: 113.80992pt x 113.81102pt.

<outlier_sim12.png, id=17, 401.5pt x 401.5pt>
File: outlier_sim12.png Graphic file (type png)
 <use outlier_sim12.png>
Package pdftex.def Info: outlier_sim12.png used on input line 35.
(pdftex.def)             Requested size: 113.80992pt x 113.81102pt.

<outlier_sim22.png, id=18, 401.5pt x 401.5pt>
File: outlier_sim22.png Graphic file (type png)
 <use outlier_sim22.png>
Package pdftex.def Info: outlier_sim22.png used on input line 36.
(pdftex.def)             Requested size: 113.80992pt x 113.81102pt.

<outlier_sim13.png, id=19, 401.5pt x 401.5pt>
File: outlier_sim13.png Graphic file (type png)
 <use outlier_sim13.png>
Package pdftex.def Info: outlier_sim13.png used on input line 37.
(pdftex.def)             Requested size: 113.80992pt x 113.81102pt.

<outlier_sim23.png, id=20, 401.5pt x 401.5pt>
File: outlier_sim23.png Graphic file (type png)
 <use outlier_sim23.png>
Package pdftex.def Info: outlier_sim23.png used on input line 38.
(pdftex.def)             Requested size: 113.80992pt x 113.81102pt.

<outlier_sim14.png, id=21, 401.5pt x 401.5pt>
File: outlier_sim14.png Graphic file (type png)
 <use outlier_sim14.png>
Package pdftex.def Info: outlier_sim14.png used on input line 39.
(pdftex.def)             Requested size: 113.80992pt x 113.81102pt.

<outlier_sim24.png, id=22, 401.5pt x 401.5pt>
File: outlier_sim24.png Graphic file (type png)
 <use outlier_sim24.png>
Package pdftex.def Info: outlier_sim24.png used on input line 40.
(pdftex.def)             Requested size: 113.80992pt x 113.81102pt.


LaTeX Warning: `h' float specifier changed to `ht'.

<outlier_stackloss.png, id=23, 803.0pt x 301.125pt>
File: outlier_stackloss.png Graphic file (type png)

<use outlier_stackloss.png>
Package pdftex.def Info: outlier_stackloss.png used on input line 49.
(pdftex.def)             Requested size: 303.5013pt x 113.81102pt.
 <outlier_hbk.png, id=24, 803.0pt x 301.125pt>
File: outlier_hbk.png Graphic file (type png)

<use outlier_hbk.png>
Package pdftex.def Info: outlier_hbk.png used on input line 56.
(pdftex.def)             Requested size: 303.5013pt x 113.81102pt.
LaTeX Font Info:    Try loading font information for OMS+cmr on input line 61.
 ("C:\Study\LaTeX\MikTeX 2.9\tex\latex\base\omscmr.fd"
File: omscmr.fd 1999/05/25 v2.5h Standard LaTeX font definitions
)
LaTeX Font Info:    Font shape `OMS/cmr/m/n' in size <10> not available
(Font)              Font shape `OMS/cmsy/m/n' tried instead on input line 61.

("C:\Study\My projects\Quantiles\MS\WPQoutliers.bbl" [2]) [3] [4 <C:/Study/My p
rojects/Quantiles/MS/outlier_sim11.png> <C:/Study/My projects/Quantiles/MS/outl
ier_sim21.png> <C:/Study/My projects/Quantiles/MS/outlier_sim12.png> <C:/Study/
My projects/Quantiles/MS/outlier_sim22.png> <C:/Study/My projects/Quantiles/MS/
outlier_sim13.png> <C:/Study/My projects/Quantiles/MS/outlier_sim23.png> <C:/St
udy/My projects/Quantiles/MS/outlier_sim14.png> <C:/Study/My projects/Quantiles
/MS/outlier_sim24.png>] [5 <C:/Study/My projects/Quantiles/MS/outlier_stackloss
.png> <C:/Study/My projects/Quantiles/MS/outlier_hbk.png>]
("C:\Study\My projects\Quantiles\MS\WPQoutliers.aux") ) 
Here is how much of TeX's memory you used:
 3284 strings out of 493921
 46859 string characters out of 3148084
 108082 words of memory out of 3000000
 6558 multiletter control sequences out of 15000+200000
 7822 words of font info for 30 fonts, out of 3000000 for 9000
 841 hyphenation exceptions out of 8191
 36i,6n,38p,1092b,295s stack positions out of 5000i,500n,10000p,200000b,50000s
<C:/Study/LaTeX/MikTeX 2
.9/fonts/type1/public/amsfonts/cm/cmbx10.pfb><C:/Study/LaTeX/MikTeX 2.9/fonts/t
ype1/public/amsfonts/cm/cmbx12.pfb><C:/Study/LaTeX/MikTeX 2.9/fonts/type1/publi
c/amsfonts/cm/cmbx7.pfb><C:/Study/LaTeX/MikTeX 2.9/fonts/type1/public/amsfonts/
cm/cmmi10.pfb><C:/Study/LaTeX/MikTeX 2.9/fonts/type1/public/amsfonts/cm/cmmi7.p
fb><C:/Study/LaTeX/MikTeX 2.9/fonts/type1/public/amsfonts/cm/cmr10.pfb><C:/Stud
y/LaTeX/MikTeX 2.9/fonts/type1/public/amsfonts/cm/cmr7.pfb><C:/Study/LaTeX/MikT
eX 2.9/fonts/type1/public/amsfonts/cm/cmsy10.pfb><C:/Study/LaTeX/MikTeX 2.9/fon
ts/type1/public/amsfonts/cm/cmsy7.pfb><C:/Study/LaTeX/MikTeX 2.9/fonts/type1/pu
blic/amsfonts/cm/cmti10.pfb><C:/Study/LaTeX/MikTeX 2.9/fonts/type1/public/amsfo
nts/symbols/msbm10.pfb>
Output written on WPQoutliers.pdf (5 pages, 177471 bytes).
PDF statistics:
 82 PDF objects out of 1000 (max. 8388607)
 0 named destinations out of 1000 (max. 500000)
 51 words of extra memory for PDF output out of 10000 (max. 10000000)

